#
# A fatal error has been detected by the Java Runtime Environment:
#
#  EXCEPTION_ACCESS_VIOLATION (0xc0000005) at pc=0x00000000615b14d0, pid=124352, tid=0x000000000001e638
#
# JRE version: Java(TM) SE Runtime Environment (8.0_144-b01) (build 1.8.0_144-b01)
# Java VM: Java HotSpot(TM) 64-Bit Server VM (25.144-b01 mixed mode windows-amd64 compressed oops)
# Problematic frame:
# C  [nvoglv64.DLL+0x10314d0]
#
# Failed to write core dump. Minidumps are not enabled by default on client versions of Windows
#
# If you would like to submit a bug report, please visit:
#   http://bugreport.java.com/bugreport/crash.jsp
# The crash happened outside the Java Virtual Machine in native code.
# See problematic frame for where to report the bug.
#

---------------  T H R E A D  ---------------

Current thread (0x0000000018ccb000):  JavaThread "Thread-0" [_thread_in_native, id=124472, stack(0x000000001adb0000,0x000000001aeb0000)]

siginfo: ExceptionCode=0xc0000005, reading address 0x0000000000000000

Registers:
RAX=0x0000000000022006, RBX=0x000000001b4912cc, RCX=0x000000001b4912e8, RDX=0x0000000000000000
RSP=0x000000001aeaeec8, RBP=0x0000000000000044, RSI=0x0000000000000006, RDI=0x000000001b1d2080
R8 =0x0000000000000018, R9 =0x0000000000000018, R10=0x0000000000000000, R11=0x000000001b4912e8
R12=0x0000000000000004, R13=0x0000000000001405, R14=0x0000000000000000, R15=0x0000000018ccb000
RIP=0x00000000615b14d0, EFLAGS=0x0000000000010283

Top of Stack: (sp=0x000000001aeaeec8)
0x000000001aeaeec8:   0000000060dc0fdc 00000000197ba000
0x000000001aeaeed8:   0000000062a0b736 000000001aeaf508
0x000000001aeaeee8:   0000000017912390 00000000000003d8
0x000000001aeaeef8:   00000000179123a0 0000000026eb8980
0x000000001aeaef08:   0000000018ccb000 0000000026eb8980
0x000000001aeaef18:   0000000018ccb000 0000000002e0835d
0x000000001aeaef28:   0000000002e17e06 000000001aeaf028
0x000000001aeaef38:   0000000026eb8980 0000000000000000
0x000000001aeaef48:   0000000002e0835d 0000000000000002
0x000000001aeaef58:   0000000002e17f74 000000001aeaefe8
0x000000001aeaef68:   0000000000000018 0000000018ccb000
0x000000001aeaef78:   0000000026eb8980 0000000000001405
0x000000001aeaef88:   0000000000000000 0000000000000002
0x000000001aeaef98:   0000000018ccb000 0000000002e17ca2
0x000000001aeaefa8:   000000001aeaefa8 0000000026eb8980
0x000000001aeaefb8:   000000001aeaf028 0000000026ec3180 

Instructions: (pc=0x00000000615b14d0)
0x00000000615b14b0:   83 ab 01 00 00 49 8b c3 4c 8b df 48 8b f9 49 8b
0x00000000615b14c0:   c8 4c 8b c6 49 8b f2 f3 a4 49 8b f0 49 8b fb c3
0x00000000615b14d0:   0f 10 02 41 0f 10 4c 10 f0 0f 11 01 41 0f 11 4c
0x00000000615b14e0:   08 f0 48 8b c1 c3 66 66 0f 1f 84 00 00 00 00 00 


Register to memory mapping:

RAX=0x0000000000022006 is an unknown value
RBX=0x000000001b4912cc is an unknown value
RCX=0x000000001b4912e8 is an unknown value
RDX=0x0000000000000000 is an unknown value
RSP=0x000000001aeaeec8 is pointing into the stack for thread: 0x0000000018ccb000
RBP=0x0000000000000044 is an unknown value
RSI=0x0000000000000006 is an unknown value
RDI=0x000000001b1d2080 is an unknown value
R8 =0x0000000000000018 is an unknown value
R9 =0x0000000000000018 is an unknown value
R10=0x0000000000000000 is an unknown value
R11=0x000000001b4912e8 is an unknown value
R12=0x0000000000000004 is an unknown value
R13=0x0000000000001405 is an unknown value
R14=0x0000000000000000 is an unknown value
R15=0x0000000018ccb000 is a thread


Stack: [0x000000001adb0000,0x000000001aeb0000],  sp=0x000000001aeaeec8,  free space=1019k
Native frames: (J=compiled Java code, j=interpreted, Vv=VM code, C=native code)
C  [nvoglv64.DLL+0x10314d0]
C  [nvoglv64.DLL+0x840fdc]
C  0x0000000002e17f74

Java frames: (J=compiled Java code, j=interpreted, Vv=VM code)
j  org.lwjgl.opengl.GL11C.nglDrawElements(IIIJ)V+0
j  org.lwjgl.opengl.GL11C.glDrawElements(IIIJ)V+4
j  org.lwjgl.opengl.GL11.glDrawElements(IIIJ)V+4
j  com.flyn.game_engine.render.Renderer.render(Lcom/flyn/game_engine/render/RawModel;)V+20
j  com.flyn.game_engine.window.Window.showWindow()V+196
j  com.flyn.game_engine.App.lambda$0()V+17
j  com.flyn.game_engine.App$$Lambda$13.run()V+0
j  java.lang.Thread.run()V+11
v  ~StubRoutines::call_stub

---------------  P R O C E S S  ---------------

Java Threads: ( => current thread )
  0x0000000018cca800 JavaThread "DestroyJavaVM" [_thread_blocked, id=124384, stack(0x0000000002830000,0x0000000002930000)]
=>0x0000000018ccb000 JavaThread "Thread-0" [_thread_in_native, id=124472, stack(0x000000001adb0000,0x000000001aeb0000)]
  0x0000000018ccd800 JavaThread "Service Thread" daemon [_thread_blocked, id=124440, stack(0x0000000019540000,0x0000000019640000)]
  0x0000000017915000 JavaThread "C1 CompilerThread2" daemon [_thread_blocked, id=124436, stack(0x0000000019440000,0x0000000019540000)]
  0x000000001790e000 JavaThread "C2 CompilerThread1" daemon [_thread_blocked, id=124432, stack(0x0000000019340000,0x0000000019440000)]
  0x00000000178fa800 JavaThread "C2 CompilerThread0" daemon [_thread_blocked, id=124428, stack(0x0000000019240000,0x0000000019340000)]
  0x0000000018c83800 JavaThread "Attach Listener" daemon [_thread_blocked, id=124424, stack(0x0000000019140000,0x0000000019240000)]
  0x0000000018c82800 JavaThread "Signal Dispatcher" daemon [_thread_blocked, id=124420, stack(0x0000000019040000,0x0000000019140000)]
  0x0000000002dfa800 JavaThread "Finalizer" daemon [_thread_blocked, id=124412, stack(0x0000000018b40000,0x0000000018c40000)]
  0x0000000002df0000 JavaThread "Reference Handler" daemon [_thread_blocked, id=124408, stack(0x0000000018a40000,0x0000000018b40000)]

Other Threads:
  0x00000000178b7800 VMThread [stack: 0x0000000018940000,0x0000000018a40000] [id=124404]
  0x0000000018d24000 WatcherThread [stack: 0x0000000019640000,0x0000000019740000] [id=124444]

VM state:not at safepoint (normal execution)

VM Mutex/Monitor currently owned by a thread: None

Heap:
 PSYoungGen      total 37888K, used 17283K [0x00000000d6000000, 0x00000000d8a00000, 0x0000000100000000)
  eden space 32768K, 52% used [0x00000000d6000000,0x00000000d70e0c30,0x00000000d8000000)
  from space 5120K, 0% used [0x00000000d8500000,0x00000000d8500000,0x00000000d8a00000)
  to   space 5120K, 0% used [0x00000000d8000000,0x00000000d8000000,0x00000000d8500000)
 ParOldGen       total 86016K, used 0K [0x0000000082000000, 0x0000000087400000, 0x00000000d6000000)
  object space 86016K, 0% used [0x0000000082000000,0x0000000082000000,0x0000000087400000)
 Metaspace       used 9614K, capacity 9871K, committed 10112K, reserved 1058816K
  class space    used 790K, capacity 873K, committed 896K, reserved 1048576K

Card table byte_map: [0x00000000121c0000,0x00000000125c0000] byte_map_base: 0x0000000011db0000

Marking Bits: (ParMarkBitMap*) 0x000000006316d850
 Begin Bits: [0x0000000012c60000, 0x0000000014be0000)
 End Bits:   [0x0000000014be0000, 0x0000000016b60000)

Polling page: 0x0000000000ca0000

CodeCache: size=245760Kb used=2820Kb max_used=2820Kb free=242939Kb
 bounds [0x0000000002e00000, 0x00000000030d0000, 0x0000000011e00000]
 total_blobs=1528 nmethods=624 adapters=817
 compilation: enabled

Compilation events (10 events):
Event: 1.706 Thread 0x0000000017915000  619       3       java.util.zip.ZipFile::getZipEntry (251 bytes)
Event: 1.706 Thread 0x0000000017915000 nmethod 619 0x00000000030bf550 code [0x00000000030bf7a0, 0x00000000030c03a8]
Event: 1.728 Thread 0x0000000017915000  621       3       java.lang.ref.SoftReference::<init> (13 bytes)
Event: 1.729 Thread 0x0000000017915000 nmethod 621 0x00000000030c0b90 code [0x00000000030c0d00, 0x00000000030c0ff0]
Event: 1.734 Thread 0x0000000017915000  622   !   3       java.lang.invoke.MemberName$Factory::resolve (145 bytes)
Event: 1.734 Thread 0x0000000017915000 nmethod 622 0x00000000030c1110 code [0x00000000030c1300, 0x00000000030c1b28]
Event: 1.734 Thread 0x0000000017915000  623   !   3       java.lang.invoke.MemberName::clone (14 bytes)
Event: 1.734 Thread 0x0000000017915000 nmethod 623 0x00000000030c1f90 code [0x00000000030c2120, 0x00000000030c2478]
Event: 1.734 Thread 0x0000000017915000  624       3       java.util.Vector::elementData (7 bytes)
Event: 1.734 Thread 0x0000000017915000 nmethod 624 0x00000000030c2610 code [0x00000000030c2760, 0x00000000030c28d0]

GC Heap History (0 events):
No events

Deoptimization events (0 events):
No events

Internal exceptions (10 events):
Event: 0.380 Thread 0x000000000297d800 Exception <a 'java/security/PrivilegedActionException'> (0x00000000d644ff88) thrown at [C:\re\workspace\8-2-build-windows-amd64-cygwin\jdk8u144\9417\hotspot\src\share\vm\prims\jvm.cpp, line 1390]
Event: 0.413 Thread 0x000000000297d800 Exception <a 'sun/nio/fs/WindowsException'> (0x00000000d64861c0) thrown at [C:\re\workspace\8-2-build-windows-amd64-cygwin\jdk8u144\9417\hotspot\src\share\vm\prims\jni.cpp, line 709]
Event: 0.413 Thread 0x000000000297d800 Exception <a 'sun/nio/fs/WindowsException'> (0x00000000d6486a50) thrown at [C:\re\workspace\8-2-build-windows-amd64-cygwin\jdk8u144\9417\hotspot\src\share\vm\prims\jni.cpp, line 709]
Event: 0.446 Thread 0x000000000297d800 Exception <a 'sun/nio/fs/WindowsException'> (0x00000000d650aeb8) thrown at [C:\re\workspace\8-2-build-windows-amd64-cygwin\jdk8u144\9417\hotspot\src\share\vm\prims\jni.cpp, line 709]
Event: 0.446 Thread 0x000000000297d800 Exception <a 'sun/nio/fs/WindowsException'> (0x00000000d650b580) thrown at [C:\re\workspace\8-2-build-windows-amd64-cygwin\jdk8u144\9417\hotspot\src\share\vm\prims\jni.cpp, line 709]
Event: 1.424 Thread 0x0000000018ccb000 Exception <a 'sun/nio/fs/WindowsException'> (0x00000000d6720218) thrown at [C:\re\workspace\8-2-build-windows-amd64-cygwin\jdk8u144\9417\hotspot\src\share\vm\prims\jni.cpp, line 709]
Event: 1.424 Thread 0x0000000018ccb000 Exception <a 'sun/nio/fs/WindowsException'> (0x00000000d6720948) thrown at [C:\re\workspace\8-2-build-windows-amd64-cygwin\jdk8u144\9417\hotspot\src\share\vm\prims\jni.cpp, line 709]
Event: 1.427 Thread 0x0000000018ccb000 Exception <a 'sun/nio/fs/WindowsException'> (0x00000000d6729240) thrown at [C:\re\workspace\8-2-build-windows-amd64-cygwin\jdk8u144\9417\hotspot\src\share\vm\prims\jni.cpp, line 709]
Event: 1.427 Thread 0x0000000018ccb000 Exception <a 'sun/nio/fs/WindowsException'> (0x00000000d6729820) thrown at [C:\re\workspace\8-2-build-windows-amd64-cygwin\jdk8u144\9417\hotspot\src\share\vm\prims\jni.cpp, line 709]
Event: 1.733 Thread 0x0000000018ccb000 Exception <a 'java/io/FileNotFoundException'> (0x00000000d704ec60) thrown at [C:\re\workspace\8-2-build-windows-amd64-cygwin\jdk8u144\9417\hotspot\src\share\vm\prims\jni.cpp, line 709]

Events (10 events):
Event: 1.729 loading class java/awt/Toolkit$3
Event: 1.729 loading class java/awt/Toolkit$3 done
Event: 1.733 loading class java/awt/Toolkit$1
Event: 1.733 loading class java/awt/Toolkit$1 done
Event: 1.733 loading class java/awt/GraphicsEnvironment
Event: 1.733 loading class java/awt/GraphicsEnvironment done
Event: 1.734 loading class java/awt/Insets
Event: 1.734 loading class java/awt/Insets done
Event: 1.734 loading class java/lang/StrictMath
Event: 1.734 loading class java/lang/StrictMath done


Dynamic libraries:
0x00007ff71ea60000 - 0x00007ff71ea97000 	C:\Program Files\Java\jre1.8.0_144\bin\javaw.exe
0x00007ff9263c0000 - 0x00007ff9265b0000 	C:\WINDOWS\SYSTEM32\ntdll.dll
0x00007ff925e90000 - 0x00007ff925f42000 	C:\WINDOWS\System32\KERNEL32.DLL
0x00007ff923f90000 - 0x00007ff924234000 	C:\WINDOWS\System32\KERNELBASE.dll
0x00007ff9253e0000 - 0x00007ff925483000 	C:\WINDOWS\System32\ADVAPI32.dll
0x00007ff9252e0000 - 0x00007ff92537e000 	C:\WINDOWS\System32\msvcrt.dll
0x00007ff924660000 - 0x00007ff9246f7000 	C:\WINDOWS\System32\sechost.dll
0x00007ff9247e0000 - 0x00007ff924900000 	C:\WINDOWS\System32\RPCRT4.dll
0x00007ff924900000 - 0x00007ff924a94000 	C:\WINDOWS\System32\USER32.dll
0x00007ff924440000 - 0x00007ff924461000 	C:\WINDOWS\System32\win32u.dll
0x00007ff924b10000 - 0x00007ff924b36000 	C:\WINDOWS\System32\GDI32.dll
0x00007ff923b80000 - 0x00007ff923d15000 	C:\WINDOWS\System32\gdi32full.dll
0x00007ff9243a0000 - 0x00007ff92443e000 	C:\WINDOWS\System32\msvcp_win.dll
0x00007ff924240000 - 0x00007ff92433a000 	C:\WINDOWS\System32\ucrtbase.dll
0x00007ff9133d0000 - 0x00007ff913654000 	C:\WINDOWS\WinSxS\amd64_microsoft.windows.common-controls_6595b64144ccf1df_6.0.18362.900_none_e6beb9d913147d17\COMCTL32.dll
0x00007ff925f50000 - 0x00007ff926285000 	C:\WINDOWS\System32\combase.dll
0x00007ff923ad0000 - 0x00007ff923b50000 	C:\WINDOWS\System32\bcryptPrimitives.dll
0x00007ff924700000 - 0x00007ff92472e000 	C:\WINDOWS\System32\IMM32.DLL
0x0000000062870000 - 0x0000000062942000 	C:\Program Files\Java\jre1.8.0_144\bin\msvcr100.dll
0x0000000062950000 - 0x00000000631ed000 	C:\Program Files\Java\jre1.8.0_144\bin\server\jvm.dll
0x00007ff925e80000 - 0x00007ff925e88000 	C:\WINDOWS\System32\PSAPI.DLL
0x00007ff91f190000 - 0x00007ff91f1b4000 	C:\WINDOWS\SYSTEM32\WINMM.dll
0x00007ff915ad0000 - 0x00007ff915ada000 	C:\WINDOWS\SYSTEM32\VERSION.dll
0x00007ff91ecf0000 - 0x00007ff91ed1d000 	C:\WINDOWS\SYSTEM32\WINMMBASE.dll
0x00007ff923d20000 - 0x00007ff923d6a000 	C:\WINDOWS\System32\cfgmgr32.dll
0x00007ff91d1b0000 - 0x00007ff91d1b9000 	C:\WINDOWS\SYSTEM32\WSOCK32.dll
0x00007ff9255d0000 - 0x00007ff92563f000 	C:\WINDOWS\System32\WS2_32.dll
0x0000000065b50000 - 0x0000000065b5f000 	C:\Program Files\Java\jre1.8.0_144\bin\verify.dll
0x0000000065b20000 - 0x0000000065b49000 	C:\Program Files\Java\jre1.8.0_144\bin\java.dll
0x0000000065b00000 - 0x0000000065b16000 	C:\Program Files\Java\jre1.8.0_144\bin\zip.dll
0x00007ff925640000 - 0x00007ff925d26000 	C:\WINDOWS\System32\SHELL32.dll
0x00007ff924730000 - 0x00007ff9247d9000 	C:\WINDOWS\System32\shcore.dll
0x00007ff923350000 - 0x00007ff923ad0000 	C:\WINDOWS\System32\windows.storage.dll
0x00007ff923320000 - 0x00007ff923343000 	C:\WINDOWS\System32\profapi.dll
0x00007ff9232d0000 - 0x00007ff92331a000 	C:\WINDOWS\System32\powrprof.dll
0x00007ff923280000 - 0x00007ff923290000 	C:\WINDOWS\System32\UMPDC.dll
0x00007ff925380000 - 0x00007ff9253d2000 	C:\WINDOWS\System32\shlwapi.dll
0x00007ff923290000 - 0x00007ff9232a1000 	C:\WINDOWS\System32\kernel.appcore.dll
0x00007ff923e20000 - 0x00007ff923e37000 	C:\WINDOWS\System32\cryptsp.dll
0x0000000065ae0000 - 0x0000000065afa000 	C:\Program Files\Java\jre1.8.0_144\bin\net.dll
0x00007ff922af0000 - 0x00007ff922b57000 	C:\WINDOWS\system32\mswsock.dll
0x0000000065ac0000 - 0x0000000065ad1000 	C:\Program Files\Java\jre1.8.0_144\bin\nio.dll
0x00007ff8f0e30000 - 0x00007ff8f0e94000 	C:\Users\user\AppData\Local\Temp\lwjgluser\3.2.3-build-13\lwjgl.dll
0x00007ff8ecaa0000 - 0x00007ff8ecb02000 	C:\Users\user\AppData\Local\Temp\lwjgluser\3.2.3-build-13\glfw.dll
0x00007ff921530000 - 0x00007ff9215c9000 	C:\WINDOWS\system32\uxtheme.dll
0x00007ff8ece30000 - 0x00007ff8ece73000 	C:\WINDOWS\SYSTEM32\dinput8.dll
0x00007ff911f30000 - 0x00007ff911f41000 	C:\WINDOWS\SYSTEM32\xinput1_4.dll
0x00007ff923080000 - 0x00007ff9230aa000 	C:\WINDOWS\SYSTEM32\DEVOBJ.dll
0x00007ff921a00000 - 0x00007ff921a2d000 	C:\WINDOWS\SYSTEM32\dwmapi.dll
0x00007ff916c40000 - 0x00007ff916d5b000 	C:\WINDOWS\SYSTEM32\inputhost.dll
0x00007ff91f370000 - 0x00007ff91f4c3000 	C:\WINDOWS\SYSTEM32\wintypes.dll
0x00007ff91f540000 - 0x00007ff91f630000 	C:\WINDOWS\SYSTEM32\PROPSYS.dll
0x00007ff925d30000 - 0x00007ff925df5000 	C:\WINDOWS\System32\OLEAUT32.dll
0x00007ff91d380000 - 0x00007ff91d6aa000 	C:\WINDOWS\SYSTEM32\CoreUIComponents.dll
0x00007ff920e70000 - 0x00007ff920f44000 	C:\WINDOWS\SYSTEM32\CoreMessaging.dll
0x00007ff9223d0000 - 0x00007ff922401000 	C:\WINDOWS\SYSTEM32\ntmarta.dll
0x00007ff925490000 - 0x00007ff9255c5000 	C:\WINDOWS\System32\MSCTF.dll
0x00007ff921e70000 - 0x00007ff921e7e000 	C:\WINDOWS\SYSTEM32\HID.DLL
0x00007ff924da0000 - 0x00007ff925210000 	C:\WINDOWS\System32\SETUPAPI.DLL
0x00007ff923b50000 - 0x00007ff923b76000 	C:\WINDOWS\System32\bcrypt.dll
0x00007ff924340000 - 0x00007ff92439c000 	C:\WINDOWS\System32\WINTRUST.dll
0x00007ff9232b0000 - 0x00007ff9232c2000 	C:\WINDOWS\System32\MSASN1.dll
0x00007ff923e40000 - 0x00007ff923f89000 	C:\WINDOWS\System32\CRYPT32.dll
0x00007ff8f22e0000 - 0x00007ff8f2436000 	C:\WINDOWS\SYSTEM32\opengl32.dll
0x00007ff8fa0b0000 - 0x00007ff8fa0dc000 	C:\WINDOWS\SYSTEM32\GLU32.dll
0x00007ff921ed0000 - 0x00007ff921ef0000 	C:\WINDOWS\SYSTEM32\dxcore.dll
0x0000000060580000 - 0x0000000062862000 	C:\WINDOWS\SYSTEM32\nvoglv64.DLL
0x00007ff924470000 - 0x00007ff9245c7000 	C:\WINDOWS\System32\ole32.dll
0x00007ff91f160000 - 0x00007ff91f173000 	C:\WINDOWS\SYSTEM32\WTSAPI32.dll
0x00007ff8ede90000 - 0x00007ff8ee0f6000 	C:\WINDOWS\system32\nvspcap64.dll
0x00007ff922320000 - 0x00007ff922376000 	C:\WINDOWS\SYSTEM32\WINSTA.dll
0x00007ff921f60000 - 0x00007ff92204b000 	C:\WINDOWS\system32\dxgi.dll
0x00007ff920a30000 - 0x00007ff920c8b000 	C:\WINDOWS\system32\d3d11.dll
0x00007ff8efd30000 - 0x00007ff8efe1a000 	C:\WINDOWS\System32\DriverStore\FileRepository\nvac.inf_amd64_eab58baad54dad6a\nvldumdx.dll
0x00007ff925e60000 - 0x00007ff925e7d000 	C:\WINDOWS\System32\imagehlp.dll
0x00007ff922660000 - 0x00007ff922693000 	C:\WINDOWS\system32\rsaenh.dll
0x00007ff922cc0000 - 0x00007ff922ccc000 	C:\WINDOWS\SYSTEM32\CRYPTBASE.dll
0x00007ff8e21c0000 - 0x00007ff8e3d29000 	C:\WINDOWS\System32\DriverStore\FileRepository\nvac.inf_amd64_eab58baad54dad6a\nvwgf2umx.dll
0x00007ff914380000 - 0x00007ff914800000 	C:\WINDOWS\system32\nvapi64.dll
0x00007ff919f00000 - 0x00007ff91b347000 	C:\WINDOWS\System32\DriverStore\FileRepository\igdlh64.inf_amd64_587befb80671fb38\igd10iumd64.dll
0x00007ff922dc0000 - 0x00007ff922de6000 	C:\WINDOWS\SYSTEM32\ncrypt.dll
0x00007ff922d80000 - 0x00007ff922dbb000 	C:\WINDOWS\SYSTEM32\NTASN1.dll
0x00007ff917dd0000 - 0x00007ff919cd1000 	C:\WINDOWS\System32\DriverStore\FileRepository\igdlh64.inf_amd64_587befb80671fb38\igc64.dll
0x00007ff920c90000 - 0x00007ff920e6c000 	C:\WINDOWS\SYSTEM32\dcomp.dll
0x00007ff916d60000 - 0x00007ff916dfe000 	C:\WINDOWS\System32\TextInputFramework.dll
0x00007ff915820000 - 0x00007ff915ac6000 	C:\WINDOWS\System32\iertutil.dll
0x00007ff924b40000 - 0x00007ff924be2000 	C:\WINDOWS\System32\clbcatq.dll
0x00007ff917570000 - 0x00007ff9176ba000 	C:\WINDOWS\system32\IME\IMETC\IMTCTIP.DLL
0x00007ff91d9a0000 - 0x00007ff91da26000 	C:\WINDOWS\SYSTEM32\policymanager.dll
0x00007ff91eb10000 - 0x00007ff91eb9a000 	C:\WINDOWS\SYSTEM32\msvcp110_win.dll
0x00007ff9173b0000 - 0x00007ff917563000 	C:\WINDOWS\SYSTEM32\DUI70.dll
0x00007ff9213f0000 - 0x00007ff92147f000 	C:\WINDOWS\SYSTEM32\apphelp.dll
0x00007ff8fd0b0000 - 0x00007ff8fd1e9000 	C:\Windows\System32\IME\shared\imetip.dll
0x00007ff9154b0000 - 0x00007ff915515000 	C:\WINDOWS\SYSTEM32\OLEACC.dll
0x00007ff91f210000 - 0x00007ff91f25d000 	C:\WINDOWS\system32\IME\IMETC\IMTCCFG.DLL
0x00007ff90cfe0000 - 0x00007ff90d0f8000 	C:\WINDOWS\system32\IME\IMETC\IMTCCORE.DLL
0x00007ff91f1d0000 - 0x00007ff91f208000 	C:\Windows\System32\IME\shared\imecfm.dll
0x00007ff921a30000 - 0x00007ff921b0b000 	C:\WINDOWS\SYSTEM32\wer.dll
0x00007ff8fb9b0000 - 0x00007ff8fbb67000 	C:\Windows\System32\IME\shared\mscand20.dll
0x00007ff9155b0000 - 0x00007ff9155b7000 	C:\WINDOWS\SYSTEM32\MSIMG32.dll
0x00007ff90e420000 - 0x00007ff90e4b3000 	C:\WINDOWS\SYSTEM32\DUser.dll
0x00007ff8fb3c0000 - 0x00007ff8fb630000 	C:\WINDOWS\SYSTEM32\UIAutomationCore.DLL
0x00007ff8eca40000 - 0x00007ff8eca99000 	C:\Users\user\AppData\Local\Temp\lwjgluser\3.2.3-build-13\lwjgl_opengl.dll
0x00000000603e0000 - 0x0000000060578000 	C:\Program Files\Java\jre1.8.0_144\bin\awt.dll
0x00007ff907a60000 - 0x00007ff907c54000 	C:\WINDOWS\SYSTEM32\dbghelp.dll

VM Arguments:
jvm_args: -Djava.library.path=target/natives -Dfile.encoding=UTF-8 
java_command: com.flyn.game_engine.App
java_class_path (initial): C:\Program Files\Java\jre1.8.0_144\lib\resources.jar;C:\Program Files\Java\jre1.8.0_144\lib\rt.jar;C:\Program Files\Java\jre1.8.0_144\lib\jsse.jar;C:\Program Files\Java\jre1.8.0_144\lib\jce.jar;C:\Program Files\Java\jre1.8.0_144\lib\charsets.jar;C:\Program Files\Java\jre1.8.0_144\lib\jfr.jar;C:\Program Files\Java\jre1.8.0_144\lib\ext\access-bridge-64.jar;C:\Program Files\Java\jre1.8.0_144\lib\ext\cldrdata.jar;C:\Program Files\Java\jre1.8.0_144\lib\ext\dnsns.jar;C:\Program Files\Java\jre1.8.0_144\lib\ext\dns_sd.jar;C:\Program Files\Java\jre1.8.0_144\lib\ext\jaccess.jar;C:\Program Files\Java\jre1.8.0_144\lib\ext\jfxrt.jar;C:\Program Files\Java\jre1.8.0_144\lib\ext\localedata.jar;C:\Program Files\Java\jre1.8.0_144\lib\ext\nashorn.jar;C:\Program Files\Java\jre1.8.0_144\lib\ext\sunec.jar;C:\Program Files\Java\jre1.8.0_144\lib\ext\sunjce_provider.jar;C:\Program Files\Java\jre1.8.0_144\lib\ext\sunmscapi.jar;C:\Program Files\Java\jre1.8.0_144\lib\ext\sunpkcs11.jar;C:\Program Files\Java\jre1.8.0_144\lib\ext\zipfs.jar;D:\Git File\GameEngine\game_engine\target\classes;D:\Eclipse\LWJGL\lwjgl-3.2.3\lwjgl\lwjgl.jar;D:\Eclipse\LWJGL\lwjgl-3.2.3\lwjgl\lwjgl-natives-windows.jar;D:\Eclipse\LWJGL\lwjgl-3.2.3\lwjgl-glfw\lwjgl-glfw.jar;D:\Eclipse\LWJGL\lwjgl-3.2.3\lwjgl-glfw\lwjgl-glfw-natives-windows.jar;D:\Eclipse\LWJGL\lwjgl-3.2.3\lwjgl-openal\lwjgl-openal.jar;D:\Eclipse\LWJGL\lwjgl-3.2.3\lwjgl-openal\lwjgl-openal-natives-windows.jar;D:\Eclipse\LWJGL\lwjgl-3.2.3\lwjgl-opengl\lwjgl-opengl.jar;D:\Eclipse\LWJGL\lwjgl-3.2.3\lwjgl-opengl\lwjgl-opengl-natives-windows.jar
Launcher Type: SUN_STANDARD

Environment Variables:
PATH=C:/Program Files/Java/jre1.8.0_144/bin/server;C:/Program Files/Java/jre1.8.0_144/bin;C:/Program Files/Java/jre1.8.0_144/lib/amd64;C:\ProgramData\Oracle\Java\javapath;C:\Program Files (x86)\Intel\iCLS Client\;C:\Program Files\Intel\iCLS Client\;C:\Windows\system32;C:\Windows;C:\Windows\System32\Wbem;C:\Windows\System32\WindowsPowerShell\v1.0\;C:\Program Files (x86)\Intel\Intel(R) Management Engine Components\DAL;C:\Program Files\Intel\Intel(R) Management Engine Components\DAL;C:\Program Files (x86)\Intel\Intel(R) Management Engine Components\IPT;C:\Program Files\Intel\Intel(R) Management Engine Components\IPT;C:\Program Files (x86)\NVIDIA Corporation\PhysX\Common;C:\WINDOWS\system32;C:\WINDOWS;C:\WINDOWS\System32\Wbem;C:\WINDOWS\System32\WindowsPowerShell\v1.0\;C:\Program Files\dotnet\;C:\WINDOWS\System32\OpenSSH\;C:\Users\user\AppData\Local\Programs\Python\Python37;D:\Lua;C:\Program Files (x86)\Java\jdk1.8.0_152\bin;D:\Git\cmd;D:\nodejs\;D:\PuTTY\;C:\Users\user\AppData\Local\Microsoft\WindowsApps;C:\Users\user\AppData\Roaming\npm;;C:\Users\user\Desktop;
USERNAME=user
OS=Windows_NT
PROCESSOR_IDENTIFIER=Intel64 Family 6 Model 142 Stepping 9, GenuineIntel



---------------  S Y S T E M  ---------------

OS: Windows 10.0 , 64 bit Build 18362 (10.0.18362.900)

CPU:total 4 (initial active 4) (2 cores per cpu, 2 threads per core) family 6 model 142 stepping 9, cmov, cx8, fxsr, mmx, sse, sse2, sse3, ssse3, sse4.1, sse4.2, popcnt, avx, avx2, aes, clmul, erms, 3dnowpref, lzcnt, ht, tsc, tscinvbit, bmi1, bmi2, adx

Memory: 4k page, physical 8253668k(2468948k free), swap 14020836k(6105264k free)

vm_info: Java HotSpot(TM) 64-Bit Server VM (25.144-b01) for windows-amd64 JRE (1.8.0_144-b01), built on Jul 21 2017 21:57:33 by "java_re" with MS VC++ 10.0 (VS2010)

time: Wed Jul 08 06:02:43 2020
elapsed time: 1 seconds (0d 0h 0m 1s)

