#
# A fatal error has been detected by the Java Runtime Environment:
#
#  EXCEPTION_ACCESS_VIOLATION (0xc0000005) at pc=0x00000000615b14d0, pid=122920, tid=0x000000000001e26c
#
# JRE version: Java(TM) SE Runtime Environment (8.0_144-b01) (build 1.8.0_144-b01)
# Java VM: Java HotSpot(TM) 64-Bit Server VM (25.144-b01 mixed mode windows-amd64 compressed oops)
# Problematic frame:
# C  [nvoglv64.DLL+0x10314d0]
#
# Failed to write core dump. Minidumps are not enabled by default on client versions of Windows
#
# If you would like to submit a bug report, please visit:
#   http://bugreport.java.com/bugreport/crash.jsp
# The crash happened outside the Java Virtual Machine in native code.
# See problematic frame for where to report the bug.
#

---------------  T H R E A D  ---------------

Current thread (0x0000000019f6b800):  JavaThread "Thread-0" [_thread_in_native, id=123500, stack(0x000000001b400000,0x000000001b500000)]

siginfo: ExceptionCode=0xc0000005, reading address 0x0000000000000000

Registers:
RAX=0x0000000000022006, RBX=0x000000001bac203c, RCX=0x000000001bac2058, RDX=0x0000000000000000
RSP=0x000000001b4ff148, RBP=0x0000000000000044, RSI=0x0000000000000006, RDI=0x000000001b805080
R8 =0x0000000000000018, R9 =0x0000000000000018, R10=0x0000000000000000, R11=0x000000001bac2058
R12=0x0000000000000004, R13=0x0000000000001405, R14=0x0000000000000000, R15=0x0000000019f6b800
RIP=0x00000000615b14d0, EFLAGS=0x0000000000010283

Top of Stack: (sp=0x000000001b4ff148)
0x000000001b4ff148:   0000000060dc0fdc 0000000019f58f30
0x000000001b4ff158:   0000000062a0b736 000000001b4ff788
0x000000001b4ff168:   00000000194a7790 00000000000003d8
0x000000001b4ff178:   00000000194a77a0 00000000274d8980
0x000000001b4ff188:   0000000019f6b800 00000000274d8980
0x000000001b4ff198:   0000000019f6b800 00000000035c835d
0x000000001b4ff1a8:   00000000035d7e06 000000001b4ff2a8
0x000000001b4ff1b8:   00000000274d8980 0000000000000000
0x000000001b4ff1c8:   00000000035c835d 0000000000000021
0x000000001b4ff1d8:   00000000035d7f74 000000001b4ff268
0x000000001b4ff1e8:   0000000000000018 0000000019f6b800
0x000000001b4ff1f8:   00000000274d8980 0000000000001405
0x000000001b4ff208:   0000000000000000 0000000000000021
0x000000001b4ff218:   0000000019f6b800 00000000035d7ca2
0x000000001b4ff228:   000000001b4ff228 00000000274d8980
0x000000001b4ff238:   000000001b4ff2a8 00000000274e3180 

Instructions: (pc=0x00000000615b14d0)
0x00000000615b14b0:   83 ab 01 00 00 49 8b c3 4c 8b df 48 8b f9 49 8b
0x00000000615b14c0:   c8 4c 8b c6 49 8b f2 f3 a4 49 8b f0 49 8b fb c3
0x00000000615b14d0:   0f 10 02 41 0f 10 4c 10 f0 0f 11 01 41 0f 11 4c
0x00000000615b14e0:   08 f0 48 8b c1 c3 66 66 0f 1f 84 00 00 00 00 00 


Register to memory mapping:

RAX=0x0000000000022006 is an unknown value
RBX=0x000000001bac203c is an unknown value
RCX=0x000000001bac2058 is an unknown value
RDX=0x0000000000000000 is an unknown value
RSP=0x000000001b4ff148 is pointing into the stack for thread: 0x0000000019f6b800
RBP=0x0000000000000044 is an unknown value
RSI=0x0000000000000006 is an unknown value
RDI=0x000000001b805080 is an unknown value
R8 =0x0000000000000018 is an unknown value
R9 =0x0000000000000018 is an unknown value
R10=0x0000000000000000 is an unknown value
R11=0x000000001bac2058 is an unknown value
R12=0x0000000000000004 is an unknown value
R13=0x0000000000001405 is an unknown value
R14=0x0000000000000000 is an unknown value
R15=0x0000000019f6b800 is a thread


Stack: [0x000000001b400000,0x000000001b500000],  sp=0x000000001b4ff148,  free space=1020k
Native frames: (J=compiled Java code, j=interpreted, Vv=VM code, C=native code)
C  [nvoglv64.DLL+0x10314d0]
C  [nvoglv64.DLL+0x840fdc]
C  0x00000000035d7f74

Java frames: (J=compiled Java code, j=interpreted, Vv=VM code)
j  org.lwjgl.opengl.GL11C.nglDrawElements(IIIJ)V+0
j  org.lwjgl.opengl.GL11C.glDrawElements(IIIJ)V+4
j  org.lwjgl.opengl.GL11.glDrawElements(IIIJ)V+4
j  com.flyn.game_engine.render.Renderer.render(Lcom/flyn/game_engine/render/RawModel;)V+20
j  com.flyn.game_engine.window.Window.showWindow()V+185
j  com.flyn.game_engine.App.lambda$0()V+17
j  com.flyn.game_engine.App$$Lambda$13.run()V+0
j  java.lang.Thread.run()V+11
v  ~StubRoutines::call_stub

---------------  P R O C E S S  ---------------

Java Threads: ( => current thread )
  0x00000000035bd800 JavaThread "DestroyJavaVM" [_thread_blocked, id=123260, stack(0x0000000002f40000,0x0000000003040000)]
=>0x0000000019f6b800 JavaThread "Thread-0" [_thread_in_native, id=123500, stack(0x000000001b400000,0x000000001b500000)]
  0x000000001810d800 JavaThread "Service Thread" daemon [_thread_blocked, id=123152, stack(0x0000000019d00000,0x0000000019e00000)]
  0x00000000180db000 JavaThread "C1 CompilerThread2" daemon [_thread_blocked, id=123144, stack(0x0000000019c00000,0x0000000019d00000)]
  0x00000000180c3800 JavaThread "C2 CompilerThread1" daemon [_thread_blocked, id=118912, stack(0x0000000019b00000,0x0000000019c00000)]
  0x00000000180c0800 JavaThread "C2 CompilerThread0" daemon [_thread_blocked, id=114004, stack(0x0000000019a00000,0x0000000019b00000)]
  0x0000000019443000 JavaThread "Attach Listener" daemon [_thread_blocked, id=123900, stack(0x0000000019900000,0x0000000019a00000)]
  0x0000000019442800 JavaThread "Signal Dispatcher" daemon [_thread_blocked, id=123604, stack(0x0000000019800000,0x0000000019900000)]
  0x00000000034fa800 JavaThread "Finalizer" daemon [_thread_blocked, id=123760, stack(0x0000000019300000,0x0000000019400000)]
  0x00000000034f0000 JavaThread "Reference Handler" daemon [_thread_blocked, id=123736, stack(0x0000000019200000,0x0000000019300000)]

Other Threads:
  0x0000000018077800 VMThread [stack: 0x0000000019100000,0x0000000019200000] [id=123396]
  0x00000000194c5000 WatcherThread [stack: 0x0000000019e00000,0x0000000019f00000] [id=122724]

VM state:not at safepoint (normal execution)

VM Mutex/Monitor currently owned by a thread: None

Heap:
 PSYoungGen      total 37888K, used 17283K [0x00000000d6000000, 0x00000000d8a00000, 0x0000000100000000)
  eden space 32768K, 52% used [0x00000000d6000000,0x00000000d70e0f18,0x00000000d8000000)
  from space 5120K, 0% used [0x00000000d8500000,0x00000000d8500000,0x00000000d8a00000)
  to   space 5120K, 0% used [0x00000000d8000000,0x00000000d8000000,0x00000000d8500000)
 ParOldGen       total 86016K, used 0K [0x0000000082000000, 0x0000000087400000, 0x00000000d6000000)
  object space 86016K, 0% used [0x0000000082000000,0x0000000082000000,0x0000000087400000)
 Metaspace       used 9610K, capacity 9871K, committed 10112K, reserved 1058816K
  class space    used 790K, capacity 873K, committed 896K, reserved 1048576K

Card table byte_map: [0x0000000012980000,0x0000000012d80000] byte_map_base: 0x0000000012570000

Marking Bits: (ParMarkBitMap*) 0x000000006316d850
 Begin Bits: [0x0000000013420000, 0x00000000153a0000)
 End Bits:   [0x00000000153a0000, 0x0000000017320000)

Polling page: 0x0000000001210000

CodeCache: size=245760Kb used=2814Kb max_used=2814Kb free=242945Kb
 bounds [0x00000000035c0000, 0x0000000003890000, 0x00000000125c0000]
 total_blobs=1531 nmethods=627 adapters=817
 compilation: enabled

Compilation events (10 events):
Event: 1.590 Thread 0x00000000180db000  622       3       java.lang.ClassLoader::compareCerts (149 bytes)
Event: 1.590 Thread 0x00000000180db000 nmethod 622 0x000000000387da10 code [0x000000000387dbe0, 0x000000000387e498]
Event: 1.614 Thread 0x00000000180db000  624       1       sun.util.locale.BaseLocale::getLanguage (5 bytes)
Event: 1.614 Thread 0x00000000180db000 nmethod 624 0x000000000387eb50 code [0x000000000387eca0, 0x000000000387edb0]
Event: 1.618 Thread 0x00000000180db000  625   !   3       java.lang.invoke.MemberName$Factory::resolve (145 bytes)
Event: 1.619 Thread 0x00000000180db000 nmethod 625 0x000000000387ee10 code [0x000000000387f000, 0x000000000387f828]
Event: 1.619 Thread 0x00000000180db000  626   !   3       java.lang.invoke.MemberName::clone (14 bytes)
Event: 1.619 Thread 0x00000000180db000 nmethod 626 0x000000000387fc90 code [0x000000000387fe20, 0x0000000003880178]
Event: 1.619 Thread 0x00000000180db000  627       3       java.util.Vector::elementData (7 bytes)
Event: 1.619 Thread 0x00000000180db000 nmethod 627 0x0000000003880310 code [0x0000000003880460, 0x00000000038805d0]

GC Heap History (0 events):
No events

Deoptimization events (0 events):
No events

Internal exceptions (10 events):
Event: 0.248 Thread 0x00000000035bd800 Exception <a 'java/security/PrivilegedActionException'> (0x00000000d644feb0) thrown at [C:\re\workspace\8-2-build-windows-amd64-cygwin\jdk8u144\9417\hotspot\src\share\vm\prims\jvm.cpp, line 1390]
Event: 0.281 Thread 0x00000000035bd800 Exception <a 'sun/nio/fs/WindowsException'> (0x00000000d64860d0) thrown at [C:\re\workspace\8-2-build-windows-amd64-cygwin\jdk8u144\9417\hotspot\src\share\vm\prims\jni.cpp, line 709]
Event: 0.281 Thread 0x00000000035bd800 Exception <a 'sun/nio/fs/WindowsException'> (0x00000000d6486960) thrown at [C:\re\workspace\8-2-build-windows-amd64-cygwin\jdk8u144\9417\hotspot\src\share\vm\prims\jni.cpp, line 709]
Event: 0.315 Thread 0x00000000035bd800 Exception <a 'sun/nio/fs/WindowsException'> (0x00000000d650adc8) thrown at [C:\re\workspace\8-2-build-windows-amd64-cygwin\jdk8u144\9417\hotspot\src\share\vm\prims\jni.cpp, line 709]
Event: 0.315 Thread 0x00000000035bd800 Exception <a 'sun/nio/fs/WindowsException'> (0x00000000d650b490) thrown at [C:\re\workspace\8-2-build-windows-amd64-cygwin\jdk8u144\9417\hotspot\src\share\vm\prims\jni.cpp, line 709]
Event: 1.292 Thread 0x0000000019f6b800 Exception <a 'sun/nio/fs/WindowsException'> (0x00000000d67206f0) thrown at [C:\re\workspace\8-2-build-windows-amd64-cygwin\jdk8u144\9417\hotspot\src\share\vm\prims\jni.cpp, line 709]
Event: 1.292 Thread 0x0000000019f6b800 Exception <a 'sun/nio/fs/WindowsException'> (0x00000000d6720e20) thrown at [C:\re\workspace\8-2-build-windows-amd64-cygwin\jdk8u144\9417\hotspot\src\share\vm\prims\jni.cpp, line 709]
Event: 1.295 Thread 0x0000000019f6b800 Exception <a 'sun/nio/fs/WindowsException'> (0x00000000d6729718) thrown at [C:\re\workspace\8-2-build-windows-amd64-cygwin\jdk8u144\9417\hotspot\src\share\vm\prims\jni.cpp, line 709]
Event: 1.295 Thread 0x0000000019f6b800 Exception <a 'sun/nio/fs/WindowsException'> (0x00000000d6729cf8) thrown at [C:\re\workspace\8-2-build-windows-amd64-cygwin\jdk8u144\9417\hotspot\src\share\vm\prims\jni.cpp, line 709]
Event: 1.618 Thread 0x0000000019f6b800 Exception <a 'java/io/FileNotFoundException'> (0x00000000d704ef48) thrown at [C:\re\workspace\8-2-build-windows-amd64-cygwin\jdk8u144\9417\hotspot\src\share\vm\prims\jni.cpp, line 709]

Events (10 events):
Event: 1.614 loading class java/awt/Toolkit$3
Event: 1.614 loading class java/awt/Toolkit$3 done
Event: 1.617 loading class java/awt/Toolkit$1
Event: 1.617 loading class java/awt/Toolkit$1 done
Event: 1.618 loading class java/awt/GraphicsEnvironment
Event: 1.618 loading class java/awt/GraphicsEnvironment done
Event: 1.618 loading class java/awt/Insets
Event: 1.619 loading class java/awt/Insets done
Event: 1.619 loading class java/lang/StrictMath
Event: 1.619 loading class java/lang/StrictMath done


Dynamic libraries:
0x00007ff71ea60000 - 0x00007ff71ea97000 	C:\Program Files\Java\jre1.8.0_144\bin\javaw.exe
0x00007ff9263c0000 - 0x00007ff9265b0000 	C:\WINDOWS\SYSTEM32\ntdll.dll
0x00007ff925e90000 - 0x00007ff925f42000 	C:\WINDOWS\System32\KERNEL32.DLL
0x00007ff923f90000 - 0x00007ff924234000 	C:\WINDOWS\System32\KERNELBASE.dll
0x00007ff9253e0000 - 0x00007ff925483000 	C:\WINDOWS\System32\ADVAPI32.dll
0x00007ff9252e0000 - 0x00007ff92537e000 	C:\WINDOWS\System32\msvcrt.dll
0x00007ff924660000 - 0x00007ff9246f7000 	C:\WINDOWS\System32\sechost.dll
0x00007ff9247e0000 - 0x00007ff924900000 	C:\WINDOWS\System32\RPCRT4.dll
0x00007ff924900000 - 0x00007ff924a94000 	C:\WINDOWS\System32\USER32.dll
0x00007ff924440000 - 0x00007ff924461000 	C:\WINDOWS\System32\win32u.dll
0x00007ff924b10000 - 0x00007ff924b36000 	C:\WINDOWS\System32\GDI32.dll
0x00007ff923b80000 - 0x00007ff923d15000 	C:\WINDOWS\System32\gdi32full.dll
0x00007ff9243a0000 - 0x00007ff92443e000 	C:\WINDOWS\System32\msvcp_win.dll
0x00007ff924240000 - 0x00007ff92433a000 	C:\WINDOWS\System32\ucrtbase.dll
0x00007ff9133d0000 - 0x00007ff913654000 	C:\WINDOWS\WinSxS\amd64_microsoft.windows.common-controls_6595b64144ccf1df_6.0.18362.900_none_e6beb9d913147d17\COMCTL32.dll
0x00007ff925f50000 - 0x00007ff926285000 	C:\WINDOWS\System32\combase.dll
0x00007ff923ad0000 - 0x00007ff923b50000 	C:\WINDOWS\System32\bcryptPrimitives.dll
0x00007ff924700000 - 0x00007ff92472e000 	C:\WINDOWS\System32\IMM32.DLL
0x0000000062870000 - 0x0000000062942000 	C:\Program Files\Java\jre1.8.0_144\bin\msvcr100.dll
0x0000000062950000 - 0x00000000631ed000 	C:\Program Files\Java\jre1.8.0_144\bin\server\jvm.dll
0x00007ff925e80000 - 0x00007ff925e88000 	C:\WINDOWS\System32\PSAPI.DLL
0x00007ff915ad0000 - 0x00007ff915ada000 	C:\WINDOWS\SYSTEM32\VERSION.dll
0x00007ff91f190000 - 0x00007ff91f1b4000 	C:\WINDOWS\SYSTEM32\WINMM.dll
0x00007ff91ecf0000 - 0x00007ff91ed1d000 	C:\WINDOWS\SYSTEM32\WINMMBASE.dll
0x00007ff923d20000 - 0x00007ff923d6a000 	C:\WINDOWS\System32\cfgmgr32.dll
0x00007ff91d1b0000 - 0x00007ff91d1b9000 	C:\WINDOWS\SYSTEM32\WSOCK32.dll
0x0000000001660000 - 0x00000000016cf000 	C:\WINDOWS\System32\ws2_32.DLL
0x0000000065b50000 - 0x0000000065b5f000 	C:\Program Files\Java\jre1.8.0_144\bin\verify.dll
0x0000000065b20000 - 0x0000000065b49000 	C:\Program Files\Java\jre1.8.0_144\bin\java.dll
0x0000000065b00000 - 0x0000000065b16000 	C:\Program Files\Java\jre1.8.0_144\bin\zip.dll
0x00007ff925640000 - 0x00007ff925d26000 	C:\WINDOWS\System32\SHELL32.dll
0x00007ff924730000 - 0x00007ff9247d9000 	C:\WINDOWS\System32\shcore.dll
0x00007ff923350000 - 0x00007ff923ad0000 	C:\WINDOWS\System32\windows.storage.dll
0x00007ff923320000 - 0x00007ff923343000 	C:\WINDOWS\System32\profapi.dll
0x00007ff9232d0000 - 0x00007ff92331a000 	C:\WINDOWS\System32\powrprof.dll
0x00007ff923280000 - 0x00007ff923290000 	C:\WINDOWS\System32\UMPDC.dll
0x00007ff925380000 - 0x00007ff9253d2000 	C:\WINDOWS\System32\shlwapi.dll
0x00007ff923290000 - 0x00007ff9232a1000 	C:\WINDOWS\System32\kernel.appcore.dll
0x00007ff923e20000 - 0x00007ff923e37000 	C:\WINDOWS\System32\cryptsp.dll
0x0000000065ae0000 - 0x0000000065afa000 	C:\Program Files\Java\jre1.8.0_144\bin\net.dll
0x00007ff922af0000 - 0x00007ff922b57000 	C:\WINDOWS\system32\mswsock.dll
0x0000000065ac0000 - 0x0000000065ad1000 	C:\Program Files\Java\jre1.8.0_144\bin\nio.dll
0x00007ff8f0e30000 - 0x00007ff8f0e94000 	C:\Users\user\AppData\Local\Temp\lwjgluser\3.2.3-build-13\lwjgl.dll
0x00007ff8ee1b0000 - 0x00007ff8ee212000 	C:\Users\user\AppData\Local\Temp\lwjgluser\3.2.3-build-13\glfw.dll
0x00007ff921530000 - 0x00007ff9215c9000 	C:\WINDOWS\system32\uxtheme.dll
0x00007ff8ee160000 - 0x00007ff8ee1a3000 	C:\WINDOWS\SYSTEM32\dinput8.dll
0x00007ff911ec0000 - 0x00007ff911ed1000 	C:\WINDOWS\SYSTEM32\xinput1_4.dll
0x00007ff923080000 - 0x00007ff9230aa000 	C:\WINDOWS\SYSTEM32\DEVOBJ.dll
0x00007ff921a00000 - 0x00007ff921a2d000 	C:\WINDOWS\SYSTEM32\dwmapi.dll
0x00007ff916c40000 - 0x00007ff916d5b000 	C:\WINDOWS\SYSTEM32\inputhost.dll
0x00007ff91f540000 - 0x00007ff91f630000 	C:\WINDOWS\SYSTEM32\PROPSYS.dll
0x00007ff91f370000 - 0x00007ff91f4c3000 	C:\WINDOWS\SYSTEM32\wintypes.dll
0x00007ff925d30000 - 0x00007ff925df5000 	C:\WINDOWS\System32\OLEAUT32.dll
0x00007ff920e70000 - 0x00007ff920f44000 	C:\WINDOWS\SYSTEM32\CoreMessaging.dll
0x00007ff91d380000 - 0x00007ff91d6aa000 	C:\WINDOWS\SYSTEM32\CoreUIComponents.dll
0x00007ff9223d0000 - 0x00007ff922401000 	C:\WINDOWS\SYSTEM32\ntmarta.dll
0x00007ff925490000 - 0x00007ff9255c5000 	C:\WINDOWS\System32\MSCTF.dll
0x00007ff921e70000 - 0x00007ff921e7e000 	C:\WINDOWS\SYSTEM32\HID.DLL
0x00007ff924da0000 - 0x00007ff925210000 	C:\WINDOWS\System32\SETUPAPI.DLL
0x00007ff923b50000 - 0x00007ff923b76000 	C:\WINDOWS\System32\bcrypt.dll
0x00007ff924340000 - 0x00007ff92439c000 	C:\WINDOWS\System32\WINTRUST.dll
0x00007ff9232b0000 - 0x00007ff9232c2000 	C:\WINDOWS\System32\MSASN1.dll
0x00007ff923e40000 - 0x00007ff923f89000 	C:\WINDOWS\System32\CRYPT32.dll
0x00007ff8f22e0000 - 0x00007ff8f2436000 	C:\WINDOWS\SYSTEM32\opengl32.dll
0x00007ff8fa0b0000 - 0x00007ff8fa0dc000 	C:\WINDOWS\SYSTEM32\GLU32.dll
0x00007ff921ed0000 - 0x00007ff921ef0000 	C:\WINDOWS\SYSTEM32\dxcore.dll
0x0000000060580000 - 0x0000000062862000 	C:\WINDOWS\SYSTEM32\nvoglv64.DLL
0x00007ff924470000 - 0x00007ff9245c7000 	C:\WINDOWS\System32\ole32.dll
0x00007ff91f160000 - 0x00007ff91f173000 	C:\WINDOWS\SYSTEM32\WTSAPI32.dll
0x00007ff8ede90000 - 0x00007ff8ee0f6000 	C:\WINDOWS\system32\nvspcap64.dll
0x00007ff922320000 - 0x00007ff922376000 	C:\WINDOWS\SYSTEM32\WINSTA.dll
0x00007ff921f60000 - 0x00007ff92204b000 	C:\WINDOWS\system32\dxgi.dll
0x00007ff920a30000 - 0x00007ff920c8b000 	C:\WINDOWS\system32\d3d11.dll
0x00007ff8efd30000 - 0x00007ff8efe1a000 	C:\WINDOWS\System32\DriverStore\FileRepository\nvac.inf_amd64_eab58baad54dad6a\nvldumdx.dll
0x00007ff925e60000 - 0x00007ff925e7d000 	C:\WINDOWS\System32\imagehlp.dll
0x00007ff922660000 - 0x00007ff922693000 	C:\WINDOWS\system32\rsaenh.dll
0x00007ff922cc0000 - 0x00007ff922ccc000 	C:\WINDOWS\SYSTEM32\CRYPTBASE.dll
0x00007ff8e21c0000 - 0x00007ff8e3d29000 	C:\WINDOWS\System32\DriverStore\FileRepository\nvac.inf_amd64_eab58baad54dad6a\nvwgf2umx.dll
0x00007ff914380000 - 0x00007ff914800000 	C:\WINDOWS\system32\nvapi64.dll
0x00007ff919f00000 - 0x00007ff91b347000 	C:\WINDOWS\System32\DriverStore\FileRepository\igdlh64.inf_amd64_587befb80671fb38\igd10iumd64.dll
0x00007ff922dc0000 - 0x00007ff922de6000 	C:\WINDOWS\SYSTEM32\ncrypt.dll
0x00007ff922d80000 - 0x00007ff922dbb000 	C:\WINDOWS\SYSTEM32\NTASN1.dll
0x00007ff917dd0000 - 0x00007ff919cd1000 	C:\WINDOWS\System32\DriverStore\FileRepository\igdlh64.inf_amd64_587befb80671fb38\igc64.dll
0x00007ff920c90000 - 0x00007ff920e6c000 	C:\WINDOWS\SYSTEM32\dcomp.dll
0x00007ff916d60000 - 0x00007ff916dfe000 	C:\WINDOWS\System32\TextInputFramework.dll
0x00007ff915820000 - 0x00007ff915ac6000 	C:\WINDOWS\System32\iertutil.dll
0x00007ff924b40000 - 0x00007ff924be2000 	C:\WINDOWS\System32\clbcatq.dll
0x00007ff917570000 - 0x00007ff9176ba000 	C:\WINDOWS\system32\IME\IMETC\IMTCTIP.DLL
0x00007ff91d9a0000 - 0x00007ff91da26000 	C:\WINDOWS\SYSTEM32\policymanager.dll
0x00007ff91eb10000 - 0x00007ff91eb9a000 	C:\WINDOWS\SYSTEM32\msvcp110_win.dll
0x00007ff9173b0000 - 0x00007ff917563000 	C:\WINDOWS\SYSTEM32\DUI70.dll
0x00007ff9213f0000 - 0x00007ff92147f000 	C:\WINDOWS\SYSTEM32\apphelp.dll
0x00007ff8fd0b0000 - 0x00007ff8fd1e9000 	C:\Windows\System32\IME\shared\imetip.dll
0x00007ff9154b0000 - 0x00007ff915515000 	C:\WINDOWS\SYSTEM32\OLEACC.dll
0x00007ff91f210000 - 0x00007ff91f25d000 	C:\WINDOWS\system32\IME\IMETC\IMTCCFG.DLL
0x00007ff90cfe0000 - 0x00007ff90d0f8000 	C:\WINDOWS\system32\IME\IMETC\IMTCCORE.DLL
0x00007ff91f1d0000 - 0x00007ff91f208000 	C:\Windows\System32\IME\shared\imecfm.dll
0x00007ff921a30000 - 0x00007ff921b0b000 	C:\WINDOWS\SYSTEM32\wer.dll
0x00007ff8fb9b0000 - 0x00007ff8fbb67000 	C:\Windows\System32\IME\shared\mscand20.dll
0x00007ff9155b0000 - 0x00007ff9155b7000 	C:\WINDOWS\SYSTEM32\MSIMG32.dll
0x00007ff90e420000 - 0x00007ff90e4b3000 	C:\WINDOWS\SYSTEM32\DUser.dll
0x00007ff8fb3c0000 - 0x00007ff8fb630000 	C:\WINDOWS\SYSTEM32\UIAutomationCore.DLL
0x00007ff8ee100000 - 0x00007ff8ee159000 	C:\Users\user\AppData\Local\Temp\lwjgluser\3.2.3-build-13\lwjgl_opengl.dll
0x00000000603e0000 - 0x0000000060578000 	C:\Program Files\Java\jre1.8.0_144\bin\awt.dll
0x00007ff907a60000 - 0x00007ff907c54000 	C:\WINDOWS\SYSTEM32\dbghelp.dll

VM Arguments:
jvm_args: -Djava.library.path=target/natives -Dfile.encoding=UTF-8 
java_command: com.flyn.game_engine.App
java_class_path (initial): C:\Program Files\Java\jre1.8.0_144\lib\resources.jar;C:\Program Files\Java\jre1.8.0_144\lib\rt.jar;C:\Program Files\Java\jre1.8.0_144\lib\jsse.jar;C:\Program Files\Java\jre1.8.0_144\lib\jce.jar;C:\Program Files\Java\jre1.8.0_144\lib\charsets.jar;C:\Program Files\Java\jre1.8.0_144\lib\jfr.jar;C:\Program Files\Java\jre1.8.0_144\lib\ext\access-bridge-64.jar;C:\Program Files\Java\jre1.8.0_144\lib\ext\cldrdata.jar;C:\Program Files\Java\jre1.8.0_144\lib\ext\dnsns.jar;C:\Program Files\Java\jre1.8.0_144\lib\ext\dns_sd.jar;C:\Program Files\Java\jre1.8.0_144\lib\ext\jaccess.jar;C:\Program Files\Java\jre1.8.0_144\lib\ext\jfxrt.jar;C:\Program Files\Java\jre1.8.0_144\lib\ext\localedata.jar;C:\Program Files\Java\jre1.8.0_144\lib\ext\nashorn.jar;C:\Program Files\Java\jre1.8.0_144\lib\ext\sunec.jar;C:\Program Files\Java\jre1.8.0_144\lib\ext\sunjce_provider.jar;C:\Program Files\Java\jre1.8.0_144\lib\ext\sunmscapi.jar;C:\Program Files\Java\jre1.8.0_144\lib\ext\sunpkcs11.jar;C:\Program Files\Java\jre1.8.0_144\lib\ext\zipfs.jar;D:\Git File\GameEngine\game_engine\target\classes;D:\Eclipse\LWJGL\lwjgl-3.2.3\lwjgl\lwjgl.jar;D:\Eclipse\LWJGL\lwjgl-3.2.3\lwjgl\lwjgl-natives-windows.jar;D:\Eclipse\LWJGL\lwjgl-3.2.3\lwjgl-glfw\lwjgl-glfw.jar;D:\Eclipse\LWJGL\lwjgl-3.2.3\lwjgl-glfw\lwjgl-glfw-natives-windows.jar;D:\Eclipse\LWJGL\lwjgl-3.2.3\lwjgl-openal\lwjgl-openal.jar;D:\Eclipse\LWJGL\lwjgl-3.2.3\lwjgl-openal\lwjgl-openal-natives-windows.jar;D:\Eclipse\LWJGL\lwjgl-3.2.3\lwjgl-opengl\lwjgl-opengl.jar;D:\Eclipse\LWJGL\lwjgl-3.2.3\lwjgl-opengl\lwjgl-opengl-natives-windows.jar
Launcher Type: SUN_STANDARD

Environment Variables:
PATH=C:/Program Files/Java/jre1.8.0_144/bin/server;C:/Program Files/Java/jre1.8.0_144/bin;C:/Program Files/Java/jre1.8.0_144/lib/amd64;C:\ProgramData\Oracle\Java\javapath;C:\Program Files (x86)\Intel\iCLS Client\;C:\Program Files\Intel\iCLS Client\;C:\Windows\system32;C:\Windows;C:\Windows\System32\Wbem;C:\Windows\System32\WindowsPowerShell\v1.0\;C:\Program Files (x86)\Intel\Intel(R) Management Engine Components\DAL;C:\Program Files\Intel\Intel(R) Management Engine Components\DAL;C:\Program Files (x86)\Intel\Intel(R) Management Engine Components\IPT;C:\Program Files\Intel\Intel(R) Management Engine Components\IPT;C:\Program Files (x86)\NVIDIA Corporation\PhysX\Common;C:\WINDOWS\system32;C:\WINDOWS;C:\WINDOWS\System32\Wbem;C:\WINDOWS\System32\WindowsPowerShell\v1.0\;C:\Program Files\dotnet\;C:\WINDOWS\System32\OpenSSH\;C:\Users\user\AppData\Local\Programs\Python\Python37;D:\Lua;C:\Program Files (x86)\Java\jdk1.8.0_152\bin;D:\Git\cmd;D:\nodejs\;D:\PuTTY\;C:\Users\user\AppData\Local\Microsoft\WindowsApps;C:\Users\user\AppData\Roaming\npm;;C:\Users\user\Desktop;
USERNAME=user
OS=Windows_NT
PROCESSOR_IDENTIFIER=Intel64 Family 6 Model 142 Stepping 9, GenuineIntel



---------------  S Y S T E M  ---------------

OS: Windows 10.0 , 64 bit Build 18362 (10.0.18362.900)

CPU:total 4 (initial active 4) (2 cores per cpu, 2 threads per core) family 6 model 142 stepping 9, cmov, cx8, fxsr, mmx, sse, sse2, sse3, ssse3, sse4.1, sse4.2, popcnt, avx, avx2, aes, clmul, erms, 3dnowpref, lzcnt, ht, tsc, tscinvbit, bmi1, bmi2, adx

Memory: 4k page, physical 8253668k(2496072k free), swap 14020836k(6129996k free)

vm_info: Java HotSpot(TM) 64-Bit Server VM (25.144-b01) for windows-amd64 JRE (1.8.0_144-b01), built on Jul 21 2017 21:57:33 by "java_re" with MS VC++ 10.0 (VS2010)

time: Wed Jul 08 06:00:17 2020
elapsed time: 1 seconds (0d 0h 0m 1s)

